PLINK v1.90b7 64-bit (16 Jan 2023)
Options in effect:
  --bfile sim1
  --out sim1_out
  --recode

Hostname: yejun-desktop
Working directory: /home/yejun/code/genomics
Start time: Sun Aug 20 21:29:57 2023

Random number seed: 1692584997
23954 MB RAM detected; reserving 11977 MB for main workspace.
1000 variants loaded from .bim file.
2000 people (0 males, 2000 females) loaded from .fam.
2000 phenotype values loaded from .fam.
Using 1 thread (no multithreaded calculations invoked).
Before main variant filters, 2000 founders and 0 nonfounders present.
Calculating allele frequencies... done.
Total genotyping rate is exactly 1.
1000 variants and 2000 people pass filters and QC.
Among remaining phenotypes, 1000 are cases and 1000 are controls.
--recode ped to sim1_out.ped + sim1_out.map ... done.

End time: Sun Aug 20 21:29:57 2023
