PLINK v1.90b7 64-bit (16 Jan 2023)
Options in effect:
  --make-bed
  --out sim1
  --simulate wgas.sim

Hostname: yejun-desktop
Working directory: /home/yejun/code/genomics
Start time: Sun Aug 20 21:27:44 2023

Random number seed: 1692584864
23954 MB RAM detected; reserving 11977 MB for main workspace.
Writing --simulate dataset to sim1-temporary.bed + sim1-temporary.bim +
sim1-temporary.fam ... done.
Realized simulation parameters saved to sim1-temporary.simfreq.
1000 variants loaded from .bim file.
2000 people (0 males, 2000 females) loaded from .fam.
2000 phenotype values loaded from .fam.
Using 1 thread (no multithreaded calculations invoked).
Before main variant filters, 2000 founders and 0 nonfounders present.
Calculating allele frequencies... done.
Total genotyping rate is exactly 1.
1000 variants and 2000 people pass filters and QC.
Among remaining phenotypes, 1000 are cases and 1000 are controls.
--make-bed to sim1.bed + sim1.bim + sim1.fam ... done.

End time: Sun Aug 20 21:27:44 2023
